<?xml version="1.0" encoding="UTF-8"?>
<testsuite xmlns:xsi="http://www.w3.org/2001/XMLSchema-instance" xsi:schemaLocation="https://maven.apache.org/surefire/maven-surefire-plugin/xsd/surefire-test-report.xsd" name="Step_Definitions.TestSuiteRunner" time="41.11" tests="16" errors="2" skipped="7" failures="0">
  <properties>
[...]
</properties>
  <testcase name="Given &quot;John&quot; is viewing the landing page" classname="Scenario: Should be able to search for a product from the drop-down menu" time="0.006"/>
  <testcase name="And he mouses over Clothing &amp; Shoes label on the landing page and click Womens from the drop down" classname="Scenario: Should be able to search for a product from the drop-down menu" time="0"/>
  <testcase name="And he selects Dresses from the women clothing down menu" classname="Scenario: Should be able to search for a product from the drop-down menu" time="0"/>
  <testcase name="Then he sees total number &quot;(381,309 items)&quot; of products displayed on the landing page" classname="Scenario: Should be able to search for a product from the drop-down menu" time="0"/>
  <testcase name="Scenario: Should be able to search for a product from the drop-down menu" classname="Scenario: Should be able to search for a product from the drop-down menu" time="0.007"/>
  <testcase name="Given &quot;John&quot; is viewing the landing page" classname="Scenario: Should be able to search for a product from the icons" time="0"/>
  <testcase name="When he clicks Jewellery &amp; Accessories label on the landing page" classname="Scenario: Should be able to search for a product from the icons" time="0"/>
  <testcase name="And he again clicks ALL JEWELLERIES &amp; ACCESSORIES from the drop down" classname="Scenario: Should be able to search for a product from the icons" time="0.027">
    <error message="timeout&#10;  (Session info: chrome=61.0.3163.100)&#10;  (Driver info: chromedriver=2.29.461591 (62ebf098771772160f391d75e589dc567915b233),platform=Windows NT 10.0.15063 x86_64) (WARNING: The server did not provide any stacktrace information)&#10;Command duration or timeout: 10.43 seconds&#10;Build info: version: &apos;3.0.1&apos;, revision: &apos;1969d75&apos;, time: &apos;2016-10-18 09:49:13 -0700&apos;&#10;System info: host: &apos;Maxwell-PC&apos;, ip: &apos;192.168.0.12&apos;, os.name: &apos;Windows 8.1&apos;, os.arch: &apos;amd64&apos;, os.version: &apos;6.3&apos;, java.version: &apos;1.8.0_31&apos;&#10;Driver info: org.openqa.selenium.chrome.ChromeDriver&#10;Capabilities [{applicationCacheEnabled=false, rotatable=false, mobileEmulationEnabled=false, networkConnectionEnabled=false, chrome={chromedriverVersion=2.29.461591 (62ebf098771772160f391d75e589dc567915b233), userDataDir=C:\Users\Maxwell\AppData\Local\Temp\scoped_dir19432_11182}, takesHeapSnapshot=true, pageLoadStrategy=normal, databaseEnabled=false, handlesAlerts=true, hasTouchScreen=false, version=61.0.3163.100, platform=WIN8_1, browserConnectionEnabled=false, nativeEvents=true, acceptSslCerts=true, locationContextEnabled=true, webStorageEnabled=true, browserName=chrome, takesScreenshot=true, javascriptEnabled=true, cssSelectorsEnabled=true, unexpectedAlertBehaviour=}]&#10;Session ID: fd6b17e254563de0b72c590ac049fc09" type="org.openqa.selenium.TimeoutException">org.openqa.selenium.TimeoutException: 
timeout
  (Session info: chrome=61.0.3163.100)
  (Driver info: chromedriver=2.29.461591 (62ebf098771772160f391d75e589dc567915b233),platform=Windows NT 10.0.15063 x86_64) (WARNING: The server did not provide any stacktrace information)
Command duration or timeout: 10.43 seconds
Build info: version: '3.0.1', revision: '1969d75', time: '2016-10-18 09:49:13 -0700'
System info: host: 'Maxwell-PC', ip: '192.168.0.12', os.name: 'Windows 8.1', os.arch: 'amd64', os.version: '6.3', java.version: '1.8.0_31'
Driver info: org.openqa.selenium.chrome.ChromeDriver
Capabilities [{applicationCacheEnabled=false, rotatable=false, mobileEmulationEnabled=false, networkConnectionEnabled=false, chrome={chromedriverVersion=2.29.461591 (62ebf098771772160f391d75e589dc567915b233), userDataDir=C:\Users\Maxwell\AppData\Local\Temp\scoped_dir19432_11182}, takesHeapSnapshot=true, pageLoadStrategy=normal, databaseEnabled=false, handlesAlerts=true, hasTouchScreen=false, version=61.0.3163.100, platform=WIN8_1, browserConnectionEnabled=false, nativeEvents=true, acceptSslCerts=true, locationContextEnabled=true, webStorageEnabled=true, browserName=chrome, takesScreenshot=true, javascriptEnabled=true, cssSelectorsEnabled=true, unexpectedAlertBehaviour=}]
Session ID: fd6b17e254563de0b72c590ac049fc09
</error>
    <system-err><![CDATA[[38.394][SEVERE]: Timed out receiving message from renderer: 10.000
[38.402][SEVERE]: Timed out receiving message from renderer: -0.008
]]></system-err>
  </testcase>
  <testcase name="Scenario: Should be able to search for a product from the icons" classname="Scenario: Should be able to search for a product from the icons" time="0.035">
    <error message="timeout&#10;  (Session info: chrome=61.0.3163.100)&#10;  (Driver info: chromedriver=2.29.461591 (62ebf098771772160f391d75e589dc567915b233),platform=Windows NT 10.0.15063 x86_64) (WARNING: The server did not provide any stacktrace information)&#10;Command duration or timeout: 10.43 seconds&#10;Build info: version: &apos;3.0.1&apos;, revision: &apos;1969d75&apos;, time: &apos;2016-10-18 09:49:13 -0700&apos;&#10;System info: host: &apos;Maxwell-PC&apos;, ip: &apos;192.168.0.12&apos;, os.name: &apos;Windows 8.1&apos;, os.arch: &apos;amd64&apos;, os.version: &apos;6.3&apos;, java.version: &apos;1.8.0_31&apos;&#10;Driver info: org.openqa.selenium.chrome.ChromeDriver&#10;Capabilities [{applicationCacheEnabled=false, rotatable=false, mobileEmulationEnabled=false, networkConnectionEnabled=false, chrome={chromedriverVersion=2.29.461591 (62ebf098771772160f391d75e589dc567915b233), userDataDir=C:\Users\Maxwell\AppData\Local\Temp\scoped_dir19432_11182}, takesHeapSnapshot=true, pageLoadStrategy=normal, databaseEnabled=false, handlesAlerts=true, hasTouchScreen=false, version=61.0.3163.100, platform=WIN8_1, browserConnectionEnabled=false, nativeEvents=true, acceptSslCerts=true, locationContextEnabled=true, webStorageEnabled=true, browserName=chrome, takesScreenshot=true, javascriptEnabled=true, cssSelectorsEnabled=true, unexpectedAlertBehaviour=}]&#10;Session ID: fd6b17e254563de0b72c590ac049fc09" type="org.openqa.selenium.TimeoutException">org.openqa.selenium.TimeoutException: 
timeout
  (Session info: chrome=61.0.3163.100)
  (Driver info: chromedriver=2.29.461591 (62ebf098771772160f391d75e589dc567915b233),platform=Windows NT 10.0.15063 x86_64) (WARNING: The server did not provide any stacktrace information)
Command duration or timeout: 10.43 seconds
Build info: version: '3.0.1', revision: '1969d75', time: '2016-10-18 09:49:13 -0700'
System info: host: 'Maxwell-PC', ip: '192.168.0.12', os.name: 'Windows 8.1', os.arch: 'amd64', os.version: '6.3', java.version: '1.8.0_31'
Driver info: org.openqa.selenium.chrome.ChromeDriver
Capabilities [{applicationCacheEnabled=false, rotatable=false, mobileEmulationEnabled=false, networkConnectionEnabled=false, chrome={chromedriverVersion=2.29.461591 (62ebf098771772160f391d75e589dc567915b233), userDataDir=C:\Users\Maxwell\AppData\Local\Temp\scoped_dir19432_11182}, takesHeapSnapshot=true, pageLoadStrategy=normal, databaseEnabled=false, handlesAlerts=true, hasTouchScreen=false, version=61.0.3163.100, platform=WIN8_1, browserConnectionEnabled=false, nativeEvents=true, acceptSslCerts=true, locationContextEnabled=true, webStorageEnabled=true, browserName=chrome, takesScreenshot=true, javascriptEnabled=true, cssSelectorsEnabled=true, unexpectedAlertBehaviour=}]
Session ID: fd6b17e254563de0b72c590ac049fc09
</error>
  </testcase>
  <testcase name="And he clicks on Free Shipping" classname="Scenario: Should be able to search for a product from the icons" time="0">
    <skipped/>
  </testcase>
  <testcase name="And he clicks on Special offers" classname="Scenario: Should be able to search for a product from the icons" time="0">
    <skipped/>
  </testcase>
  <testcase name="And he selects item &quot;Handmade&quot; as item type" classname="Scenario: Should be able to search for a product from the icons" time="0">
    <skipped/>
  </testcase>
  <testcase name="And he selects price &quot;Under £20&quot; as price range" classname="Scenario: Should be able to search for a product from the icons" time="0">
    <skipped/>
  </testcase>
  <testcase name="And he selects colour &quot;Gold&quot; as colour type" classname="Scenario: Should be able to search for a product from the icons" time="0">
    <skipped/>
  </testcase>
  <testcase name="And he selects ordering &quot;Customisable&quot; as ordering options" classname="Scenario: Should be able to search for a product from the icons" time="0">
    <skipped/>
  </testcase>
  <testcase name="Then he sees a refine number &quot;(3,805 items)&quot; of items displayed on the landing page" classname="Scenario: Should be able to search for a product from the icons" time="0">
    <skipped/>
  </testcase>
</testsuite>